# JRE version: OpenJDK Runtime Environment Temurin-17.0.7+7 (17.0.7+7) (build 17.0.7+7)
# Java VM: OpenJDK 64-Bit Server VM Temurin-17.0.7+7 (17.0.7+7, mixed mode, emulated-client, tiered, compressed oops, compressed class ptrs, g1 gc, windows-amd64)
GC Precious Log:
 CPUs: 8 total, 8 available
 Memory: 8067M
 Large Page Support: Disabled
 NUMA Support: Disabled
 Compressed Oops: Enabled (32-bit)
 Heap Region Size: 1M
 Heap Min Capacity: 8M
 Heap Initial Capacity: 128M
 Heap Max Capacity: 1G
 Pre-touch: Disabled
 Parallel Workers: 8
 Concurrent Workers: 2
 Concurrent Refinement Workers: 8
 Periodic GC: Disabled
Heap:
 garbage-first heap   total 137216K, used 39743K [0x00000000c0000000, 0x0000000100000000)
  region size 1024K, 1 young (1024K), 0 survivors (0K)
 Metaspace       used 73316K, committed 73984K, reserved 1114112K
  class space    used 9987K, committed 10304K, reserved 1048576K
GC Heap History (20 events):
Event: 708.567 GC heap before
{Heap before GC invocations=120 (full 29):
 garbage-first heap   total 137216K, used 39743K [0x00000000c0000000, 0x0000000100000000)
  region size 1024K, 1 young (1024K), 0 survivors (0K)
 Metaspace       used 73316K, committed 73984K, reserved 1114112K
  class space    used 9987K, committed 10304K, reserved 1048576K
}
Event: 708.666 GC heap after
{Heap after GC invocations=121 (full 30):
 garbage-first heap   total 137216K, used 39743K [0x00000000c0000000, 0x0000000100000000)
  region size 1024K, 0 young (0K), 0 survivors (0K)
 Metaspace       used 73316K, committed 73984K, reserved 1114112K
  class space    used 9987K, committed 10304K, reserved 1048576K
}
Event: 718.849 GC heap before
{Heap before GC invocations=121 (full 30):
 garbage-first heap   total 137216K, used 39743K [0x00000000c0000000, 0x0000000100000000)
  region size 1024K, 1 young (1024K), 0 survivors (0K)
 Metaspace       used 73316K, committed 73984K, reserved 1114112K
  class space    used 9987K, committed 10304K, reserved 1048576K
}
Event: 718.931 GC heap after
{Heap after GC invocations=122 (full 31):
 garbage-first heap   total 137216K, used 39743K [0x00000000c0000000, 0x0000000100000000)
  region size 1024K, 0 young (0K), 0 survivors (0K)
 Metaspace       used 73316K, committed 73984K, reserved 1114112K
  class space    used 9987K, committed 10304K, reserved 1048576K
}
Event: 729.102 GC heap before
{Heap before GC invocations=122 (full 31):
 garbage-first heap   total 137216K, used 39743K [0x00000000c0000000, 0x0000000100000000)
  region size 1024K, 1 young (1024K), 0 survivors (0K)
 Metaspace       used 73316K, committed 73984K, reserved 1114112K
  class space    used 9987K, committed 10304K, reserved 1048576K
}
Event: 729.169 GC heap after
{Heap after GC invocations=123 (full 32):
 garbage-first heap   total 137216K, used 39743K [0x00000000c0000000, 0x0000000100000000)
  region size 1024K, 0 young (0K), 0 survivors (0K)
 Metaspace       used 73316K, committed 73984K, reserved 1114112K
  class space    used 9987K, committed 10304K, reserved 1048576K
}
Event: 739.331 GC heap before
{Heap before GC invocations=123 (full 32):
 garbage-first heap   total 137216K, used 39743K [0x00000000c0000000, 0x0000000100000000)
  region size 1024K, 1 young (1024K), 0 survivors (0K)
 Metaspace       used 73316K, committed 73984K, reserved 1114112K
  class space    used 9987K, committed 10304K, reserved 1048576K
}
Event: 739.382 GC heap after
{Heap after GC invocations=124 (full 33):
 garbage-first heap   total 137216K, used 39743K [0x00000000c0000000, 0x0000000100000000)
  region size 1024K, 0 young (0K), 0 survivors (0K)
 Metaspace       used 73316K, committed 73984K, reserved 1114112K
  class space    used 9987K, committed 10304K, reserved 1048576K
}
Event: 749.602 GC heap before
{Heap before GC invocations=124 (full 33):
 garbage-first heap   total 137216K, used 39743K [0x00000000c0000000, 0x0000000100000000)
  region size 1024K, 1 young (1024K), 0 survivors (0K)
 Metaspace       used 73316K, committed 73984K, reserved 1114112K
  class space    used 9987K, committed 10304K, reserved 1048576K
}
Event: 749.662 GC heap after
{Heap after GC invocations=125 (full 34):
 garbage-first heap   total 137216K, used 39743K [0x00000000c0000000, 0x0000000100000000)
  region size 1024K, 0 young (0K), 0 survivors (0K)
 Metaspace       used 73316K, committed 73984K, reserved 1114112K
  class space    used 9987K, committed 10304K, reserved 1048576K
}
Event: 759.916 GC heap before
{Heap before GC invocations=125 (full 34):
 garbage-first heap   total 137216K, used 39743K [0x00000000c0000000, 0x0000000100000000)
  region size 1024K, 1 young (1024K), 0 survivors (0K)
 Metaspace       used 73316K, committed 73984K, reserved 1114112K
  class space    used 9987K, committed 10304K, reserved 1048576K
}
Event: 759.967 GC heap after
{Heap after GC invocations=126 (full 35):
 garbage-first heap   total 137216K, used 39743K [0x00000000c0000000, 0x0000000100000000)
  region size 1024K, 0 young (0K), 0 survivors (0K)
 Metaspace       used 73316K, committed 73984K, reserved 1114112K
  class space    used 9987K, committed 10304K, reserved 1048576K
}
Event: 800.260 GC heap before
{Heap before GC invocations=126 (full 35):
 garbage-first heap   total 137216K, used 39743K [0x00000000c0000000, 0x0000000100000000)
  region size 1024K, 1 young (1024K), 0 survivors (0K)
 Metaspace       used 73316K, committed 73984K, reserved 1114112K
  class space    used 9987K, committed 10304K, reserved 1048576K
}
Event: 800.333 GC heap after
{Heap after GC invocations=127 (full 36):
 garbage-first heap   total 137216K, used 39743K [0x00000000c0000000, 0x0000000100000000)
  region size 1024K, 0 young (0K), 0 survivors (0K)
 Metaspace       used 73316K, committed 73984K, reserved 1114112K
  class space    used 9987K, committed 10304K, reserved 1048576K
}
Event: 810.890 GC heap before
{Heap before GC invocations=127 (full 36):
 garbage-first heap   total 137216K, used 39743K [0x00000000c0000000, 0x0000000100000000)
  region size 1024K, 1 young (1024K), 0 survivors (0K)
 Metaspace       used 73316K, committed 73984K, reserved 1114112K
  class space    used 9987K, committed 10304K, reserved 1048576K
}
Event: 810.984 GC heap after
{Heap after GC invocations=128 (full 37):
 garbage-first heap   total 137216K, used 39743K [0x00000000c0000000, 0x0000000100000000)
  region size 1024K, 0 young (0K), 0 survivors (0K)
 Metaspace       used 73316K, committed 73984K, reserved 1114112K
  class space    used 9987K, committed 10304K, reserved 1048576K
}
Event: 822.142 GC heap before
{Heap before GC invocations=128 (full 37):
 garbage-first heap   total 137216K, used 39743K [0x00000000c0000000, 0x0000000100000000)
  region size 1024K, 1 young (1024K), 0 survivors (0K)
 Metaspace       used 73316K, committed 73984K, reserved 1114112K
  class space    used 9987K, committed 10304K, reserved 1048576K
}
Event: 822.247 GC heap after
{Heap after GC invocations=129 (full 38):
 garbage-first heap   total 137216K, used 39743K [0x00000000c0000000, 0x0000000100000000)
  region size 1024K, 0 young (0K), 0 survivors (0K)
 Metaspace       used 73316K, committed 73984K, reserved 1114112K
  class space    used 9987K, committed 10304K, reserved 1048576K
}
Event: 842.694 GC heap before
{Heap before GC invocations=129 (full 38):
 garbage-first heap   total 137216K, used 39743K [0x00000000c0000000, 0x0000000100000000)
  region size 1024K, 1 young (1024K), 0 survivors (0K)
 Metaspace       used 73316K, committed 73984K, reserved 1114112K
  class space    used 9987K, committed 10304K, reserved 1048576K
}
Event: 842.796 GC heap after
{Heap after GC invocations=130 (full 39):
 garbage-first heap   total 137216K, used 39743K [0x00000000c0000000, 0x0000000100000000)
  region size 1024K, 0 young (0K), 0 survivors (0K)
 Metaspace       used 73316K, committed 73984K, reserved 1114112K
  class space    used 9987K, committed 10304K, reserved 1048576K
}

